<?xml version="1.0" encoding="UTF-8"?>
<Site BuildName="(empty)"
	BuildStamp="20230612-1328-Experimental"
	Name="ubuntu"
	Generator="ctest-3.16.3"
	CompilerName="/usr/bin/c++"
	CompilerVersion="9.4.0"
	OSName="Linux"
	Hostname="ubuntu"
	OSRelease="5.15.0-73-generic"
	OSVersion="#80~20.04.1-Ubuntu SMP Wed May 17 14:58:13 UTC 2023"
	OSPlatform="aarch64"
	Is64Bits="1"
	VendorString=""
	VendorID="Unknown Manufacturer"
	FamilyID="8"
	ModelID="0"
	ProcessorCacheSize="0"
	NumberOfLogicalCPU="7"
	NumberOfPhysicalCPU="1"
	TotalVirtualMemory="979"
	TotalPhysicalMemory="7162"
	LogicalProcessorsPerPhysical="7"
	ProcessorClockFrequency="0"
	>
	<Testing>
		<StartDateTime>Jun 12 15:28 CEST</StartDateTime>
		<StartTestTime>1686576517</StartTestTime>
		<TestList/>
		<EndDateTime>Jun 12 15:28 CEST</EndDateTime>
		<EndTestTime>1686576517</EndTestTime>
		<ElapsedMinutes>0</ElapsedMinutes>
	</Testing>
</Site>
